22:58:38 DEBUG : Logs will be stored at 'C:/Users/Samwa/ALL_ece385/ECE385_github/lab_72/lab_72.sdk_new/IDE.log'.
22:58:40 INFO  : Registering command handlers for Vitis TCF services
22:58:40 INFO  : Launching XSCT server: xsct.bat -n  -interactive C:\Users\Samwa\ALL_ece385\ECE385_github\lab_72\lab_72.sdk_new\temp_xsdb_launch_script.tcl
22:58:42 INFO  : Platform repository initialization has completed.
22:58:44 INFO  : XSCT server has started successfully.
22:58:44 INFO  : plnx-install-location is set to ''
22:58:45 INFO  : Successfully done setting XSCT server connection channel  
22:58:45 INFO  : Successfully done query RDI_DATADIR 
22:58:45 INFO  : Successfully done setting workspace for the tool. 
23:00:45 INFO  : Result from executing command 'getProjects': mb_usb_hdmi_top_hardcoded
23:00:45 INFO  : Result from executing command 'getPlatforms': xilinx_vck190_base_202220_1|C:/Xilinx/Vitis/2022.2/base_platforms/xilinx_vck190_base_202220_1/xilinx_vck190_base_202220_1.xpfm;xilinx_vck190_base_dfx_202220_1|C:/Xilinx/Vitis/2022.2/base_platforms/xilinx_vck190_base_dfx_202220_1/xilinx_vck190_base_dfx_202220_1.xpfm;xilinx_vmk180_base_202220_1|C:/Xilinx/Vitis/2022.2/base_platforms/xilinx_vmk180_base_202220_1/xilinx_vmk180_base_202220_1.xpfm;xilinx_zcu102_base_202220_1|C:/Xilinx/Vitis/2022.2/base_platforms/xilinx_zcu102_base_202220_1/xilinx_zcu102_base_202220_1.xpfm;xilinx_zcu102_base_dfx_202220_1|C:/Xilinx/Vitis/2022.2/base_platforms/xilinx_zcu102_base_dfx_202220_1/xilinx_zcu102_base_dfx_202220_1.xpfm;xilinx_zcu104_base_202220_1|C:/Xilinx/Vitis/2022.2/base_platforms/xilinx_zcu104_base_202220_1/xilinx_zcu104_base_202220_1.xpfm
23:00:46 WARN  : An unexpected exception occurred in the module 'platform project logging'
23:00:46 INFO  : Platform 'mb_usb_hdmi_top_hardcoded' is added to custom repositories.
23:00:48 INFO  : Platform 'mb_usb_hdmi_top_hardcoded' is added to custom repositories.
23:03:18 INFO  : Result from executing command 'getProjects': mb_usb_hdmi_top_hardcoded
23:03:18 INFO  : Result from executing command 'getPlatforms': mb_usb_hdmi_top_hardcoded|C:/Users/Samwa/ALL_ece385/ECE385_github/lab_72/lab_72.sdk_new/mb_usb_hdmi_top_hardcoded/export/mb_usb_hdmi_top_hardcoded/mb_usb_hdmi_top_hardcoded.xpfm;xilinx_vck190_base_202220_1|C:/Xilinx/Vitis/2022.2/base_platforms/xilinx_vck190_base_202220_1/xilinx_vck190_base_202220_1.xpfm;xilinx_vck190_base_dfx_202220_1|C:/Xilinx/Vitis/2022.2/base_platforms/xilinx_vck190_base_dfx_202220_1/xilinx_vck190_base_dfx_202220_1.xpfm;xilinx_vmk180_base_202220_1|C:/Xilinx/Vitis/2022.2/base_platforms/xilinx_vmk180_base_202220_1/xilinx_vmk180_base_202220_1.xpfm;xilinx_zcu102_base_202220_1|C:/Xilinx/Vitis/2022.2/base_platforms/xilinx_zcu102_base_202220_1/xilinx_zcu102_base_202220_1.xpfm;xilinx_zcu102_base_dfx_202220_1|C:/Xilinx/Vitis/2022.2/base_platforms/xilinx_zcu102_base_dfx_202220_1/xilinx_zcu102_base_dfx_202220_1.xpfm;xilinx_zcu104_base_202220_1|C:/Xilinx/Vitis/2022.2/base_platforms/xilinx_zcu104_base_202220_1/xilinx_zcu104_base_202220_1.xpfm
23:03:19 INFO  : Checking for BSP changes to sync application flags for project 'hdmi_hardcode_test'...
23:03:47 INFO  : Connected to target on host '127.0.0.1' and port '3121'.
23:03:47 INFO  : Jtag cable 'RealDigital Boo 887100000000A' is selected.
23:03:47 INFO  : 'jtag frequency' command is executed.
23:03:47 INFO  : 'targets -set -filter {jtag_cable_name =~ "RealDigital Boo 887100000000A" && level==0 && jtag_device_ctx=="jsn1-0362f093-0"}' command is executed.
23:03:48 INFO  : Device configured successfully with "C:/Users/Samwa/ALL_ece385/ECE385_github/lab_72/lab_72.sdk_new/hdmi_hardcode_test/_ide/bitstream/mb_usb_hdmi_top_hardcoded.bit"
23:03:49 INFO  : Context for processor 'microblaze_0' is selected.
23:03:49 INFO  : Hardware design and registers information is loaded from 'C:/Users/Samwa/ALL_ece385/ECE385_github/lab_72/lab_72.sdk_new/mb_usb_hdmi_top_hardcoded/export/mb_usb_hdmi_top_hardcoded/hw/mb_usb_hdmi_top_hardcoded.xsa'.
23:03:49 INFO  : 'configparams mdm-detect-bscan-mask 2' command is executed.
23:03:49 INFO  : Context for processor 'microblaze_0' is selected.
23:03:49 INFO  : System reset is completed.
23:03:52 INFO  : 'after 3000' command is executed.
23:03:52 INFO  : Context for processor 'microblaze_0' is selected.
23:03:52 INFO  : The application 'C:/Users/Samwa/ALL_ece385/ECE385_github/lab_72/lab_72.sdk_new/hdmi_hardcode_test/Debug/hdmi_hardcode_test.elf' is downloaded to processor 'microblaze_0'.
23:03:52 INFO  : ----------------XSDB Script----------------
connect -url tcp:127.0.0.1:3121
targets -set -filter {jtag_cable_name =~ "RealDigital Boo 887100000000A" && level==0 && jtag_device_ctx=="jsn1-0362f093-0"}
fpga -file C:/Users/Samwa/ALL_ece385/ECE385_github/lab_72/lab_72.sdk_new/hdmi_hardcode_test/_ide/bitstream/mb_usb_hdmi_top_hardcoded.bit
targets -set -nocase -filter {name =~ "*microblaze*#0" && bscan=="USER2" }
loadhw -hw C:/Users/Samwa/ALL_ece385/ECE385_github/lab_72/lab_72.sdk_new/mb_usb_hdmi_top_hardcoded/export/mb_usb_hdmi_top_hardcoded/hw/mb_usb_hdmi_top_hardcoded.xsa -regs
configparams mdm-detect-bscan-mask 2
targets -set -nocase -filter {name =~ "*microblaze*#0" && bscan=="USER2" }
rst -system
after 3000
targets -set -nocase -filter {name =~ "*microblaze*#0" && bscan=="USER2" }
dow C:/Users/Samwa/ALL_ece385/ECE385_github/lab_72/lab_72.sdk_new/hdmi_hardcode_test/Debug/hdmi_hardcode_test.elf
----------------End of Script----------------

23:03:52 INFO  : Context for processor 'microblaze_0' is selected.
23:03:52 INFO  : 'con' command is executed.
23:03:52 INFO  : ----------------XSDB Script (After Launch)----------------
targets -set -nocase -filter {name =~ "*microblaze*#0" && bscan=="USER2" }
con
----------------End of Script----------------

23:03:52 INFO  : Launch script is exported to file 'C:\Users\Samwa\ALL_ece385\ECE385_github\lab_72\lab_72.sdk_new\hdmi_hardcode_test_system\_ide\scripts\debugger_hdmi_hardcode_test-default.tcl'
23:04:51 INFO  : Disconnected from the channel tcfchan#2.
23:04:52 INFO  : Connected to target on host '127.0.0.1' and port '3121'.
23:04:52 INFO  : Jtag cable 'RealDigital Boo 887100000000A' is selected.
23:04:52 INFO  : 'jtag frequency' command is executed.
23:04:52 INFO  : 'targets -set -filter {jtag_cable_name =~ "RealDigital Boo 887100000000A" && level==0 && jtag_device_ctx=="jsn1-0362f093-0"}' command is executed.
23:04:53 INFO  : Device configured successfully with "C:/Users/Samwa/ALL_ece385/ECE385_github/lab_72/lab_72.sdk_new/hdmi_hardcode_test/_ide/bitstream/mb_usb_hdmi_top_hardcoded.bit"
23:04:53 INFO  : Context for processor 'microblaze_0' is selected.
23:04:53 INFO  : Hardware design and registers information is loaded from 'C:/Users/Samwa/ALL_ece385/ECE385_github/lab_72/lab_72.sdk_new/mb_usb_hdmi_top_hardcoded/export/mb_usb_hdmi_top_hardcoded/hw/mb_usb_hdmi_top_hardcoded.xsa'.
23:04:53 INFO  : 'configparams mdm-detect-bscan-mask 2' command is executed.
23:04:53 INFO  : Context for processor 'microblaze_0' is selected.
23:04:53 INFO  : System reset is completed.
23:04:56 INFO  : 'after 3000' command is executed.
23:04:56 INFO  : Context for processor 'microblaze_0' is selected.
23:04:57 INFO  : The application 'C:/Users/Samwa/ALL_ece385/ECE385_github/lab_72/lab_72.sdk_new/hdmi_hardcode_test/Debug/hdmi_hardcode_test.elf' is downloaded to processor 'microblaze_0'.
23:04:57 INFO  : ----------------XSDB Script----------------
connect -url tcp:127.0.0.1:3121
targets -set -filter {jtag_cable_name =~ "RealDigital Boo 887100000000A" && level==0 && jtag_device_ctx=="jsn1-0362f093-0"}
fpga -file C:/Users/Samwa/ALL_ece385/ECE385_github/lab_72/lab_72.sdk_new/hdmi_hardcode_test/_ide/bitstream/mb_usb_hdmi_top_hardcoded.bit
targets -set -nocase -filter {name =~ "*microblaze*#0" && bscan=="USER2" }
loadhw -hw C:/Users/Samwa/ALL_ece385/ECE385_github/lab_72/lab_72.sdk_new/mb_usb_hdmi_top_hardcoded/export/mb_usb_hdmi_top_hardcoded/hw/mb_usb_hdmi_top_hardcoded.xsa -regs
configparams mdm-detect-bscan-mask 2
targets -set -nocase -filter {name =~ "*microblaze*#0" && bscan=="USER2" }
rst -system
after 3000
targets -set -nocase -filter {name =~ "*microblaze*#0" && bscan=="USER2" }
dow C:/Users/Samwa/ALL_ece385/ECE385_github/lab_72/lab_72.sdk_new/hdmi_hardcode_test/Debug/hdmi_hardcode_test.elf
----------------End of Script----------------

23:04:57 INFO  : Context for processor 'microblaze_0' is selected.
23:04:57 INFO  : 'con' command is executed.
23:04:57 INFO  : ----------------XSDB Script (After Launch)----------------
targets -set -nocase -filter {name =~ "*microblaze*#0" && bscan=="USER2" }
con
----------------End of Script----------------

23:04:57 INFO  : Launch script is exported to file 'C:\Users\Samwa\ALL_ece385\ECE385_github\lab_72\lab_72.sdk_new\hdmi_hardcode_test_system\_ide\scripts\debugger_hdmi_hardcode_test-default.tcl'
23:06:16 INFO  : Disconnected from the channel tcfchan#3.
23:06:17 INFO  : Connected to target on host '127.0.0.1' and port '3121'.
23:06:17 INFO  : Jtag cable 'RealDigital Boo 887100000000A' is selected.
23:06:17 INFO  : 'jtag frequency' command is executed.
23:06:17 INFO  : 'targets -set -filter {jtag_cable_name =~ "RealDigital Boo 887100000000A" && level==0 && jtag_device_ctx=="jsn1-0362f093-0"}' command is executed.
23:06:18 INFO  : Device configured successfully with "C:/Users/Samwa/ALL_ece385/ECE385_github/lab_72/lab_72.sdk_new/hdmi_hardcode_test/_ide/bitstream/mb_usb_hdmi_top_hardcoded.bit"
23:06:18 INFO  : Context for processor 'microblaze_0' is selected.
23:06:18 INFO  : Hardware design and registers information is loaded from 'C:/Users/Samwa/ALL_ece385/ECE385_github/lab_72/lab_72.sdk_new/mb_usb_hdmi_top_hardcoded/export/mb_usb_hdmi_top_hardcoded/hw/mb_usb_hdmi_top_hardcoded.xsa'.
23:06:18 INFO  : 'configparams mdm-detect-bscan-mask 2' command is executed.
23:06:18 INFO  : Context for processor 'microblaze_0' is selected.
23:06:18 INFO  : System reset is completed.
23:06:21 INFO  : 'after 3000' command is executed.
23:06:21 INFO  : Context for processor 'microblaze_0' is selected.
23:06:22 INFO  : The application 'C:/Users/Samwa/ALL_ece385/ECE385_github/lab_72/lab_72.sdk_new/hdmi_hardcode_test/Debug/hdmi_hardcode_test.elf' is downloaded to processor 'microblaze_0'.
23:06:22 INFO  : ----------------XSDB Script----------------
connect -url tcp:127.0.0.1:3121
targets -set -filter {jtag_cable_name =~ "RealDigital Boo 887100000000A" && level==0 && jtag_device_ctx=="jsn1-0362f093-0"}
fpga -file C:/Users/Samwa/ALL_ece385/ECE385_github/lab_72/lab_72.sdk_new/hdmi_hardcode_test/_ide/bitstream/mb_usb_hdmi_top_hardcoded.bit
targets -set -nocase -filter {name =~ "*microblaze*#0" && bscan=="USER2" }
loadhw -hw C:/Users/Samwa/ALL_ece385/ECE385_github/lab_72/lab_72.sdk_new/mb_usb_hdmi_top_hardcoded/export/mb_usb_hdmi_top_hardcoded/hw/mb_usb_hdmi_top_hardcoded.xsa -regs
configparams mdm-detect-bscan-mask 2
targets -set -nocase -filter {name =~ "*microblaze*#0" && bscan=="USER2" }
rst -system
after 3000
targets -set -nocase -filter {name =~ "*microblaze*#0" && bscan=="USER2" }
dow C:/Users/Samwa/ALL_ece385/ECE385_github/lab_72/lab_72.sdk_new/hdmi_hardcode_test/Debug/hdmi_hardcode_test.elf
----------------End of Script----------------

23:06:22 INFO  : Context for processor 'microblaze_0' is selected.
23:06:22 INFO  : 'con' command is executed.
23:06:22 INFO  : ----------------XSDB Script (After Launch)----------------
targets -set -nocase -filter {name =~ "*microblaze*#0" && bscan=="USER2" }
con
----------------End of Script----------------

23:06:22 INFO  : Launch script is exported to file 'C:\Users\Samwa\ALL_ece385\ECE385_github\lab_72\lab_72.sdk_new\hdmi_hardcode_test_system\_ide\scripts\debugger_hdmi_hardcode_test-default.tcl'
23:06:47 INFO  : Hardware specification for platform project 'mb_usb_hdmi_top_hardcoded' is updated.
23:06:57 INFO  : Result from executing command 'getProjects': mb_usb_hdmi_top_hardcoded
23:06:57 INFO  : Result from executing command 'getPlatforms': mb_usb_hdmi_top_hardcoded|C:/Users/Samwa/ALL_ece385/ECE385_github/lab_72/lab_72.sdk_new/mb_usb_hdmi_top_hardcoded/export/mb_usb_hdmi_top_hardcoded/mb_usb_hdmi_top_hardcoded.xpfm;xilinx_vck190_base_202220_1|C:/Xilinx/Vitis/2022.2/base_platforms/xilinx_vck190_base_202220_1/xilinx_vck190_base_202220_1.xpfm;xilinx_vck190_base_dfx_202220_1|C:/Xilinx/Vitis/2022.2/base_platforms/xilinx_vck190_base_dfx_202220_1/xilinx_vck190_base_dfx_202220_1.xpfm;xilinx_vmk180_base_202220_1|C:/Xilinx/Vitis/2022.2/base_platforms/xilinx_vmk180_base_202220_1/xilinx_vmk180_base_202220_1.xpfm;xilinx_zcu102_base_202220_1|C:/Xilinx/Vitis/2022.2/base_platforms/xilinx_zcu102_base_202220_1/xilinx_zcu102_base_202220_1.xpfm;xilinx_zcu102_base_dfx_202220_1|C:/Xilinx/Vitis/2022.2/base_platforms/xilinx_zcu102_base_dfx_202220_1/xilinx_zcu102_base_dfx_202220_1.xpfm;xilinx_zcu104_base_202220_1|C:/Xilinx/Vitis/2022.2/base_platforms/xilinx_zcu104_base_202220_1/xilinx_zcu104_base_202220_1.xpfm
23:06:58 INFO  : Checking for BSP changes to sync application flags for project 'hdmi_hardcode_test'...
23:06:59 INFO  : The hardware specification used by project 'hdmi_hardcode_test' is out of sync with the platform. Resource files extracted from the hardware specification will be updated.
23:06:59 INFO  : The file 'C:\Users\Samwa\ALL_ece385\ECE385_github\lab_72\lab_72.sdk_new\hdmi_hardcode_test\_ide\bitstream\mb_usb_hdmi_top_hardcoded.bit' stored in project is removed.
23:06:59 INFO  : The file 'C:\Users\Samwa\ALL_ece385\ECE385_github\lab_72\lab_72.sdk_new\hdmi_hardcode_test\_ide\bitstream\mb_usb_hdmi_top_hardcoded.mmi' stored in project is removed.
23:06:59 INFO  : The updated bitstream files are copied from platform to folder 'C:\Users\Samwa\ALL_ece385\ECE385_github\lab_72\lab_72.sdk_new\hdmi_hardcode_test\_ide\bitstream' in project 'hdmi_hardcode_test'.
23:07:26 INFO  : Disconnected from the channel tcfchan#4.
23:07:27 INFO  : Connected to target on host '127.0.0.1' and port '3121'.
23:07:36 INFO  : ----------------XSDB Script----------------
connect -url tcp:127.0.0.1:3121
----------------End of Script----------------

23:07:36 ERROR : Could not find FPGA device on the board for connection 'Local'.


Troubleshooting hints:
1. Check whether board is connected to system properly.
2. In case of zynq board, check whether Digilent/Xilinx cable switch settings are correct.
3. If you are using Xilinx Platform Cable USB, ensure that status LED is green.
23:09:52 INFO  : Checking for BSP changes to sync application flags for project 'hdmi_hardcode_test'...
23:10:02 INFO  : Checking for BSP changes to sync application flags for project 'hdmi_hardcode_test'...
23:10:05 INFO  : Connected to target on host '127.0.0.1' and port '3121'.
23:10:06 INFO  : Jtag cable 'RealDigital Boo 887100000000A' is selected.
23:10:06 INFO  : 'jtag frequency' command is executed.
23:10:06 INFO  : 'targets -set -filter {jtag_cable_name =~ "RealDigital Boo 887100000000A" && level==0 && jtag_device_ctx=="jsn1-0362f093-0"}' command is executed.
23:10:06 ERROR : couldn't open "C:/Users/Samwa/ALL_ece385/ECE385_github/lab_72/lab_72.sdk_new/hdmi_hardcode_test/_ide/bitstream/mb_usb_hdmi_top_hardcoded.bit": no such file or directory
23:10:06 ERROR : Exception occured while running Program Device.
java.lang.RuntimeException: couldn't open "C:/Users/Samwa/ALL_ece385/ECE385_github/lab_72/lab_72.sdk_new/hdmi_hardcode_test/_ide/bitstream/mb_usb_hdmi_top_hardcoded.bit": no such file or directory
23:10:06 INFO  : ----------------XSDB Script----------------
connect -url tcp:127.0.0.1:3121
----------------End of Script----------------

23:10:06 ERROR : couldn't open "C:/Users/Samwa/ALL_ece385/ECE385_github/lab_72/lab_72.sdk_new/hdmi_hardcode_test/_ide/bitstream/mb_usb_hdmi_top_hardcoded.bit": no such file or directory
23:10:08 INFO  : Connected to target on host '127.0.0.1' and port '3121'.
23:10:08 INFO  : Jtag cable 'RealDigital Boo 887100000000A' is selected.
23:10:08 INFO  : 'jtag frequency' command is executed.
23:10:08 INFO  : 'targets -set -filter {jtag_cable_name =~ "RealDigital Boo 887100000000A" && level==0 && jtag_device_ctx=="jsn1-0362f093-0"}' command is executed.
23:10:08 ERROR : couldn't open "C:/Users/Samwa/ALL_ece385/ECE385_github/lab_72/lab_72.sdk_new/hdmi_hardcode_test/_ide/bitstream/mb_usb_hdmi_top_hardcoded.bit": no such file or directory
23:10:08 ERROR : Exception occured while running Program Device.
java.lang.RuntimeException: couldn't open "C:/Users/Samwa/ALL_ece385/ECE385_github/lab_72/lab_72.sdk_new/hdmi_hardcode_test/_ide/bitstream/mb_usb_hdmi_top_hardcoded.bit": no such file or directory
23:10:08 INFO  : ----------------XSDB Script----------------
connect -url tcp:127.0.0.1:3121
----------------End of Script----------------

23:10:08 ERROR : couldn't open "C:/Users/Samwa/ALL_ece385/ECE385_github/lab_72/lab_72.sdk_new/hdmi_hardcode_test/_ide/bitstream/mb_usb_hdmi_top_hardcoded.bit": no such file or directory
23:10:19 INFO  : Checking for BSP changes to sync application flags for project 'hdmi_hardcode_test'...
23:10:22 INFO  : Connected to target on host '127.0.0.1' and port '3121'.
23:10:22 INFO  : Jtag cable 'RealDigital Boo 887100000000A' is selected.
23:10:22 INFO  : 'jtag frequency' command is executed.
23:10:22 INFO  : 'targets -set -filter {jtag_cable_name =~ "RealDigital Boo 887100000000A" && level==0 && jtag_device_ctx=="jsn1-0362f093-0"}' command is executed.
23:10:22 ERROR : couldn't open "C:/Users/Samwa/ALL_ece385/ECE385_github/lab_72/lab_72.sdk_new/hdmi_hardcode_test/_ide/bitstream/mb_usb_hdmi_top_hardcoded.bit": no such file or directory
23:10:22 ERROR : Exception occured while running Program Device.
java.lang.RuntimeException: couldn't open "C:/Users/Samwa/ALL_ece385/ECE385_github/lab_72/lab_72.sdk_new/hdmi_hardcode_test/_ide/bitstream/mb_usb_hdmi_top_hardcoded.bit": no such file or directory
23:10:22 INFO  : ----------------XSDB Script----------------
connect -url tcp:127.0.0.1:3121
----------------End of Script----------------

23:10:22 ERROR : couldn't open "C:/Users/Samwa/ALL_ece385/ECE385_github/lab_72/lab_72.sdk_new/hdmi_hardcode_test/_ide/bitstream/mb_usb_hdmi_top_hardcoded.bit": no such file or directory
23:10:41 INFO  : Hardware specification for platform project 'mb_usb_hdmi_top_hardcoded' is updated.
23:10:54 INFO  : Result from executing command 'getProjects': mb_usb_hdmi_top_hardcoded
23:10:54 INFO  : Result from executing command 'getPlatforms': xilinx_vck190_base_202220_1|C:/Xilinx/Vitis/2022.2/base_platforms/xilinx_vck190_base_202220_1/xilinx_vck190_base_202220_1.xpfm;xilinx_vck190_base_dfx_202220_1|C:/Xilinx/Vitis/2022.2/base_platforms/xilinx_vck190_base_dfx_202220_1/xilinx_vck190_base_dfx_202220_1.xpfm;xilinx_vmk180_base_202220_1|C:/Xilinx/Vitis/2022.2/base_platforms/xilinx_vmk180_base_202220_1/xilinx_vmk180_base_202220_1.xpfm;xilinx_zcu102_base_202220_1|C:/Xilinx/Vitis/2022.2/base_platforms/xilinx_zcu102_base_202220_1/xilinx_zcu102_base_202220_1.xpfm;xilinx_zcu102_base_dfx_202220_1|C:/Xilinx/Vitis/2022.2/base_platforms/xilinx_zcu102_base_dfx_202220_1/xilinx_zcu102_base_dfx_202220_1.xpfm;xilinx_zcu104_base_202220_1|C:/Xilinx/Vitis/2022.2/base_platforms/xilinx_zcu104_base_202220_1/xilinx_zcu104_base_202220_1.xpfm
23:10:55 INFO  : Checking for BSP changes to sync application flags for project 'hdmi_hardcode_test'...
23:10:58 INFO  : Connected to target on host '127.0.0.1' and port '3121'.
23:10:59 INFO  : Jtag cable 'RealDigital Boo 887100000000A' is selected.
23:10:59 INFO  : 'jtag frequency' command is executed.
23:10:59 INFO  : 'targets -set -filter {jtag_cable_name =~ "RealDigital Boo 887100000000A" && level==0 && jtag_device_ctx=="jsn1-0362f093-0"}' command is executed.
23:10:59 ERROR : couldn't open "C:/Users/Samwa/ALL_ece385/ECE385_github/lab_72/lab_72.sdk_new/hdmi_hardcode_test/_ide/bitstream/mb_usb_hdmi_top_hardcoded.bit": no such file or directory
23:10:59 ERROR : Exception occured while running Program Device.
java.lang.RuntimeException: couldn't open "C:/Users/Samwa/ALL_ece385/ECE385_github/lab_72/lab_72.sdk_new/hdmi_hardcode_test/_ide/bitstream/mb_usb_hdmi_top_hardcoded.bit": no such file or directory
23:10:59 INFO  : ----------------XSDB Script----------------
connect -url tcp:127.0.0.1:3121
----------------End of Script----------------

23:10:59 ERROR : couldn't open "C:/Users/Samwa/ALL_ece385/ECE385_github/lab_72/lab_72.sdk_new/hdmi_hardcode_test/_ide/bitstream/mb_usb_hdmi_top_hardcoded.bit": no such file or directory
23:11:31 INFO  : Hardware specification for platform project 'mb_usb_hdmi_top_hardcoded' is updated.
23:11:39 INFO  : Result from executing command 'getProjects': mb_usb_hdmi_top_hardcoded
23:11:39 INFO  : Result from executing command 'getPlatforms': xilinx_vck190_base_202220_1|C:/Xilinx/Vitis/2022.2/base_platforms/xilinx_vck190_base_202220_1/xilinx_vck190_base_202220_1.xpfm;xilinx_vck190_base_dfx_202220_1|C:/Xilinx/Vitis/2022.2/base_platforms/xilinx_vck190_base_dfx_202220_1/xilinx_vck190_base_dfx_202220_1.xpfm;xilinx_vmk180_base_202220_1|C:/Xilinx/Vitis/2022.2/base_platforms/xilinx_vmk180_base_202220_1/xilinx_vmk180_base_202220_1.xpfm;xilinx_zcu102_base_202220_1|C:/Xilinx/Vitis/2022.2/base_platforms/xilinx_zcu102_base_202220_1/xilinx_zcu102_base_202220_1.xpfm;xilinx_zcu102_base_dfx_202220_1|C:/Xilinx/Vitis/2022.2/base_platforms/xilinx_zcu102_base_dfx_202220_1/xilinx_zcu102_base_dfx_202220_1.xpfm;xilinx_zcu104_base_202220_1|C:/Xilinx/Vitis/2022.2/base_platforms/xilinx_zcu104_base_202220_1/xilinx_zcu104_base_202220_1.xpfm
23:11:40 INFO  : Checking for BSP changes to sync application flags for project 'hdmi_hardcode_test'...
23:11:42 INFO  : The hardware specification used by project 'hdmi_hardcode_test' is out of sync with the platform. Resource files extracted from the hardware specification will be updated.
23:11:42 INFO  : The file 'C:\Users\Samwa\ALL_ece385\ECE385_github\lab_72\lab_72.sdk_new\hdmi_hardcode_test\_ide\bitstream\mb_usb_hdmi_top.bit' stored in project is removed.
23:11:42 INFO  : The file 'C:\Users\Samwa\ALL_ece385\ECE385_github\lab_72\lab_72.sdk_new\hdmi_hardcode_test\_ide\bitstream\mb_usb_hdmi_top.mmi' stored in project is removed.
23:11:42 INFO  : The updated bitstream files are copied from platform to folder 'C:\Users\Samwa\ALL_ece385\ECE385_github\lab_72\lab_72.sdk_new\hdmi_hardcode_test\_ide\bitstream' in project 'hdmi_hardcode_test'.
23:11:43 INFO  : Connected to target on host '127.0.0.1' and port '3121'.
23:11:43 INFO  : Jtag cable 'RealDigital Boo 887100000000A' is selected.
23:11:43 INFO  : 'jtag frequency' command is executed.
23:11:43 INFO  : 'targets -set -filter {jtag_cable_name =~ "RealDigital Boo 887100000000A" && level==0 && jtag_device_ctx=="jsn1-0362f093-0"}' command is executed.
23:11:44 INFO  : Device configured successfully with "C:/Users/Samwa/ALL_ece385/ECE385_github/lab_72/lab_72.sdk_new/hdmi_hardcode_test/_ide/bitstream/mb_usb_hdmi_top_hardcoded.bit"
23:11:44 INFO  : Context for processor 'microblaze_0' is selected.
23:11:44 INFO  : Hardware design and registers information is loaded from 'C:/Users/Samwa/ALL_ece385/ECE385_github/lab_72/lab_72.sdk_new/mb_usb_hdmi_top_hardcoded/export/mb_usb_hdmi_top_hardcoded/hw/mb_usb_hdmi_top_hardcoded.xsa'.
23:11:44 INFO  : 'configparams mdm-detect-bscan-mask 2' command is executed.
23:11:44 INFO  : Context for processor 'microblaze_0' is selected.
23:11:44 INFO  : System reset is completed.
23:11:47 INFO  : 'after 3000' command is executed.
23:11:47 INFO  : Context for processor 'microblaze_0' is selected.
23:11:48 INFO  : The application 'C:/Users/Samwa/ALL_ece385/ECE385_github/lab_72/lab_72.sdk_new/hdmi_hardcode_test/Debug/hdmi_hardcode_test.elf' is downloaded to processor 'microblaze_0'.
23:11:48 INFO  : ----------------XSDB Script----------------
connect -url tcp:127.0.0.1:3121
targets -set -filter {jtag_cable_name =~ "RealDigital Boo 887100000000A" && level==0 && jtag_device_ctx=="jsn1-0362f093-0"}
fpga -file C:/Users/Samwa/ALL_ece385/ECE385_github/lab_72/lab_72.sdk_new/hdmi_hardcode_test/_ide/bitstream/mb_usb_hdmi_top_hardcoded.bit
targets -set -nocase -filter {name =~ "*microblaze*#0" && bscan=="USER2" }
loadhw -hw C:/Users/Samwa/ALL_ece385/ECE385_github/lab_72/lab_72.sdk_new/mb_usb_hdmi_top_hardcoded/export/mb_usb_hdmi_top_hardcoded/hw/mb_usb_hdmi_top_hardcoded.xsa -regs
configparams mdm-detect-bscan-mask 2
targets -set -nocase -filter {name =~ "*microblaze*#0" && bscan=="USER2" }
rst -system
after 3000
targets -set -nocase -filter {name =~ "*microblaze*#0" && bscan=="USER2" }
dow C:/Users/Samwa/ALL_ece385/ECE385_github/lab_72/lab_72.sdk_new/hdmi_hardcode_test/Debug/hdmi_hardcode_test.elf
----------------End of Script----------------

23:11:48 INFO  : Context for processor 'microblaze_0' is selected.
23:11:48 INFO  : 'con' command is executed.
23:11:48 INFO  : ----------------XSDB Script (After Launch)----------------
targets -set -nocase -filter {name =~ "*microblaze*#0" && bscan=="USER2" }
con
----------------End of Script----------------

23:11:48 INFO  : Launch script is exported to file 'C:\Users\Samwa\ALL_ece385\ECE385_github\lab_72\lab_72.sdk_new\hdmi_hardcode_test_system\_ide\scripts\debugger_hdmi_hardcode_test-default.tcl'
23:12:26 INFO  : Disconnected from the channel tcfchan#6.
