#-----------------------------------------------------------
# Vivado v2022.2 (64-bit)
# SW Build 3671981 on Fri Oct 14 05:00:03 MDT 2022
# IP Build 3669848 on Fri Oct 14 08:30:02 MDT 2022
# Start of session at: Thu Oct 30 19:39:50 2025
# Process ID: 99456
# Current directory: C:/Users/Samwa/ALL_ece385/ECE385_github/ip_repo/hdmi_text_controller_1_0/hdmi_text_controller_v1_0_project
# Command line: vivado.exe -gui_launcher_event rodinguilauncherevent75472 C:\Users\Samwa\ALL_ece385\ECE385_github\ip_repo\hdmi_text_controller_1_0\hdmi_text_controller_v1_0_project\hdmi_text_controller_v1_0_project.xpr
# Log file: C:/Users/Samwa/ALL_ece385/ECE385_github/ip_repo/hdmi_text_controller_1_0/hdmi_text_controller_v1_0_project/vivado.log
# Journal file: C:/Users/Samwa/ALL_ece385/ECE385_github/ip_repo/hdmi_text_controller_1_0/hdmi_text_controller_v1_0_project\vivado.jou
# Running On: Sam, OS: Windows, CPU Frequency: 2995 MHz, CPU Physical cores: 16, Host memory: 33945 MB
#-----------------------------------------------------------
start_gui
open_project C:/Users/Samwa/ALL_ece385/ECE385_github/ip_repo/hdmi_text_controller_1_0/hdmi_text_controller_v1_0_project/hdmi_text_controller_v1_0_project.xpr
WARNING: [Board 49-26] cannot add Board Part xilinx.com:vek280_es:part0:1.0 available at C:/Xilinx/Vivado/2022.2/data/xhub/boards/XilinxBoardStore/boards/Xilinx/vek280/es/1.0/board.xml as part xcve2802-vsvh1760-2lp-e-s-es1 specified in board_part file is either invalid or not available
WARNING: [Board 49-26] cannot add Board Part xilinx.com:vhk158_es:part0:1.0 available at C:/Xilinx/Vivado/2022.2/data/xhub/boards/XilinxBoardStore/boards/Xilinx/vhk158/es/1.0/board.xml as part xcvh1582-vsva3697-2mp-e-s-es1 specified in board_part file is either invalid or not available
WARNING: [Board 49-26] cannot add Board Part xilinx.com:vpk120_es:part0:1.2 available at C:/Xilinx/Vivado/2022.2/data/xhub/boards/XilinxBoardStore/boards/Xilinx/vpk120/es/1.2/board.xml as part xcvp1202-vsva2785-2mp-e-s-es1 specified in board_part file is either invalid or not available
WARNING: [Board 49-26] cannot add Board Part xilinx.com:vpk120_es_revb:part0:1.0 available at C:/Xilinx/Vivado/2022.2/data/xhub/boards/XilinxBoardStore/boards/Xilinx/vpk120_revb/es/1.0/board.xml as part xcvp1202-vsva2785-2mp-e-s-es1 specified in board_part file is either invalid or not available
WARNING: [Board 49-26] cannot add Board Part xilinx.com:vpk180_es:part0:1.0 available at C:/Xilinx/Vivado/2022.2/data/xhub/boards/XilinxBoardStore/boards/Xilinx/vpk180/es/1.0/board.xml as part xcvp1802-lsvc4072-2mp-e-s-es1 specified in board_part file is either invalid or not available
WARNING: [Board 49-26] cannot add Board Part xilinx.com:zcu208ld:part0:2.0 available at C:/Xilinx/Vivado/2022.2/data/xhub/boards/XilinxBoardStore/boards/Xilinx/zcu208ld/production/2.0/board.xml as part xczu58dr-fsvg1517-2-i specified in board_part file is either invalid or not available
WARNING: [Board 49-26] cannot add Board Part xilinx.com:zcu216ld:part0:2.0 available at C:/Xilinx/Vivado/2022.2/data/xhub/boards/XilinxBoardStore/boards/Xilinx/zcu216ld/production/2.0/board.xml as part xczu59dr-ffvf1760-2-i specified in board_part file is either invalid or not available
WARNING: [Board 49-26] cannot add Board Part xilinx.com:zcu670:part0:2.0 available at C:/Xilinx/Vivado/2022.2/data/xhub/boards/XilinxBoardStore/boards/Xilinx/zcu670/2.0/board.xml as part xczu67dr-fsve1156-2-i specified in board_part file is either invalid or not available
WARNING: [Board 49-26] cannot add Board Part xilinx.com:zcu670ld:part0:1.0 available at C:/Xilinx/Vivado/2022.2/data/xhub/boards/XilinxBoardStore/boards/Xilinx/zcu670ld/1.0/board.xml as part xczu57dr-fsve1156-2-i specified in board_part file is either invalid or not available
CRITICAL WARNING: [Project 1-19] Could not find the file 'C:/Users/Samwa/ALL_ece385/ECE385_github/ip_repo/hdmi_text_controller_1_0/src/hdmi_tx_0/hdmi_tx_0.dcp'.
WARNING: [Project 1-865] Could not find the file C:/Users/Samwa/ALL_ece385/ECE385_github/ip_repo/hdmi_text_controller_1_0/src/hdmi_tx_0/hdmi_tx_0.dcp
CRITICAL WARNING: [Project 1-19] Could not find the file 'C:/Users/Samwa/ALL_ece385/ECE385_github/ip_repo/hdmi_text_controller_1_0/src/clk_wiz_0/clk_wiz_0.xci'.
CRITICAL WARNING: [Project 1-19] Could not find the file 'C:/Users/Samwa/ALL_ece385/ECE385_github/ip_repo/hdmi_text_controller_1_0/src/clk_wiz_0/clk_wiz_0.dcp'.
WARNING: [Project 1-865] Could not find the file C:/Users/Samwa/ALL_ece385/ECE385_github/ip_repo/hdmi_text_controller_1_0/src/clk_wiz_0/clk_wiz_0.dcp
CRITICAL WARNING: [Project 1-19] Could not find the file 'C:/Users/Samwa/ALL_ece385/ECE385_github/ip_repo/hdmi_text_controller_1_0/src/hdmi_tx_0/hdmi_tx_0.xci'.
Scanning sources...
Finished scanning sources
ERROR: [IP_Flow 19-993] Could not find IP file for IP 'clk_wiz_0'.
INFO: [IP_Flow 19-234] Refreshing IP repositories
INFO: [IP_Flow 19-1700] Loaded user IP repository 'c:/Users/Samwa/ALL_ece385/ECE385_github/ip_repo'.
WARNING: [IP_Flow 19-3656] If you move the project, the path for repository 'c:/Users/Samwa/ALL_ece385/ECE385_github/ip_repo' may become invalid. A better location for the repository would be in a path adjacent to the project. (Current project location is 'c:/Users/Samwa/ALL_ece385/ECE385_github/ip_repo/hdmi_text_controller_1_0/hdmi_text_controller_v1_0_project'.)
INFO: [IP_Flow 19-2313] Loaded Vivado IP repository 'C:/Xilinx/Vivado/2022.2/data/ip'.
CRITICAL WARNING: [IP_Flow 19-3933] Unable to construct an IP Instance clk_wiz_0 using VLNV :::.
ERROR: [IP_Flow 19-993] Could not find IP file for IP 'hdmi_tx_0'.
CRITICAL WARNING: [IP_Flow 19-3933] Unable to construct an IP Instance hdmi_tx_0 using VLNV :::.
WARNING: [IP_Flow 19-3664] IP 'clk_wiz_1' generated file not found 'c:/users/samwa/all_ece385/ece385_github/ip_repo/hdmi_text_controller_v1_0_project/hdmi_text_controller_v1_0_project.gen/sources_1/ip/clk_wiz_1/clk_wiz_1.veo'. Please regenerate to continue.
WARNING: [IP_Flow 19-3664] IP 'clk_wiz_1' generated file not found 'c:/users/samwa/all_ece385/ece385_github/ip_repo/hdmi_text_controller_v1_0_project/hdmi_text_controller_v1_0_project.gen/sources_1/ip/clk_wiz_1/clk_wiz_1.xdc'. Please regenerate to continue.
WARNING: [IP_Flow 19-3664] IP 'clk_wiz_1' generated file not found 'c:/users/samwa/all_ece385/ece385_github/ip_repo/hdmi_text_controller_v1_0_project/hdmi_text_controller_v1_0_project.gen/sources_1/ip/clk_wiz_1/clk_wiz_1_ooc.xdc'. Please regenerate to continue.
WARNING: [IP_Flow 19-3664] IP 'clk_wiz_1' generated file not found 'c:/users/samwa/all_ece385/ece385_github/ip_repo/hdmi_text_controller_v1_0_project/hdmi_text_controller_v1_0_project.gen/sources_1/ip/clk_wiz_1/mmcm_pll_drp_func_7s_mmcm.vh'. Please regenerate to continue.
WARNING: [IP_Flow 19-3664] IP 'clk_wiz_1' generated file not found 'c:/users/samwa/all_ece385/ece385_github/ip_repo/hdmi_text_controller_v1_0_project/hdmi_text_controller_v1_0_project.gen/sources_1/ip/clk_wiz_1/mmcm_pll_drp_func_7s_pll.vh'. Please regenerate to continue.
WARNING: [IP_Flow 19-3664] IP 'clk_wiz_1' generated file not found 'c:/users/samwa/all_ece385/ece385_github/ip_repo/hdmi_text_controller_v1_0_project/hdmi_text_controller_v1_0_project.gen/sources_1/ip/clk_wiz_1/mmcm_pll_drp_func_us_mmcm.vh'. Please regenerate to continue.
WARNING: [IP_Flow 19-3664] IP 'clk_wiz_1' generated file not found 'c:/users/samwa/all_ece385/ece385_github/ip_repo/hdmi_text_controller_v1_0_project/hdmi_text_controller_v1_0_project.gen/sources_1/ip/clk_wiz_1/mmcm_pll_drp_func_us_pll.vh'. Please regenerate to continue.
WARNING: [IP_Flow 19-3664] IP 'clk_wiz_1' generated file not found 'c:/users/samwa/all_ece385/ece385_github/ip_repo/hdmi_text_controller_v1_0_project/hdmi_text_controller_v1_0_project.gen/sources_1/ip/clk_wiz_1/mmcm_pll_drp_func_us_plus_pll.vh'. Please regenerate to continue.
WARNING: [IP_Flow 19-3664] IP 'clk_wiz_1' generated file not found 'c:/users/samwa/all_ece385/ece385_github/ip_repo/hdmi_text_controller_v1_0_project/hdmi_text_controller_v1_0_project.gen/sources_1/ip/clk_wiz_1/mmcm_pll_drp_func_us_plus_mmcm.vh'. Please regenerate to continue.
WARNING: [IP_Flow 19-3664] IP 'clk_wiz_1' generated file not found 'c:/users/samwa/all_ece385/ece385_github/ip_repo/hdmi_text_controller_v1_0_project/hdmi_text_controller_v1_0_project.gen/sources_1/ip/clk_wiz_1/clk_wiz_1_clk_wiz.v'. Please regenerate to continue.
WARNING: [IP_Flow 19-3664] IP 'clk_wiz_1' generated file not found 'c:/users/samwa/all_ece385/ece385_github/ip_repo/hdmi_text_controller_v1_0_project/hdmi_text_controller_v1_0_project.gen/sources_1/ip/clk_wiz_1/clk_wiz_1.v'. Please regenerate to continue.
WARNING: [IP_Flow 19-3664] IP 'clk_wiz_1' generated file not found 'c:/users/samwa/all_ece385/ece385_github/ip_repo/hdmi_text_controller_v1_0_project/hdmi_text_controller_v1_0_project.gen/sources_1/ip/clk_wiz_1/mmcm_pll_drp_func_7s_mmcm.vh'. Please regenerate to continue.
WARNING: [IP_Flow 19-3664] IP 'clk_wiz_1' generated file not found 'c:/users/samwa/all_ece385/ece385_github/ip_repo/hdmi_text_controller_v1_0_project/hdmi_text_controller_v1_0_project.gen/sources_1/ip/clk_wiz_1/mmcm_pll_drp_func_7s_pll.vh'. Please regenerate to continue.
WARNING: [IP_Flow 19-3664] IP 'clk_wiz_1' generated file not found 'c:/users/samwa/all_ece385/ece385_github/ip_repo/hdmi_text_controller_v1_0_project/hdmi_text_controller_v1_0_project.gen/sources_1/ip/clk_wiz_1/mmcm_pll_drp_func_us_mmcm.vh'. Please regenerate to continue.
WARNING: [IP_Flow 19-3664] IP 'clk_wiz_1' generated file not found 'c:/users/samwa/all_ece385/ece385_github/ip_repo/hdmi_text_controller_v1_0_project/hdmi_text_controller_v1_0_project.gen/sources_1/ip/clk_wiz_1/mmcm_pll_drp_func_us_pll.vh'. Please regenerate to continue.
WARNING: [IP_Flow 19-3664] IP 'clk_wiz_1' generated file not found 'c:/users/samwa/all_ece385/ece385_github/ip_repo/hdmi_text_controller_v1_0_project/hdmi_text_controller_v1_0_project.gen/sources_1/ip/clk_wiz_1/mmcm_pll_drp_func_us_plus_pll.vh'. Please regenerate to continue.
WARNING: [IP_Flow 19-3664] IP 'clk_wiz_1' generated file not found 'c:/users/samwa/all_ece385/ece385_github/ip_repo/hdmi_text_controller_v1_0_project/hdmi_text_controller_v1_0_project.gen/sources_1/ip/clk_wiz_1/mmcm_pll_drp_func_us_plus_mmcm.vh'. Please regenerate to continue.
WARNING: [IP_Flow 19-3664] IP 'clk_wiz_1' generated file not found 'c:/users/samwa/all_ece385/ece385_github/ip_repo/hdmi_text_controller_v1_0_project/hdmi_text_controller_v1_0_project.gen/sources_1/ip/clk_wiz_1/clk_wiz_1_clk_wiz.v'. Please regenerate to continue.
WARNING: [IP_Flow 19-3664] IP 'clk_wiz_1' generated file not found 'c:/users/samwa/all_ece385/ece385_github/ip_repo/hdmi_text_controller_v1_0_project/hdmi_text_controller_v1_0_project.gen/sources_1/ip/clk_wiz_1/clk_wiz_1.v'. Please regenerate to continue.
WARNING: [IP_Flow 19-3664] IP 'clk_wiz_1' generated file not found 'c:/users/samwa/all_ece385/ece385_github/ip_repo/hdmi_text_controller_v1_0_project/hdmi_text_controller_v1_0_project.gen/sources_1/ip/clk_wiz_1/clk_wiz_1_board.xdc'. Please regenerate to continue.
WARNING: [IP_Flow 19-3664] IP 'clk_wiz_1' generated file not found 'c:/users/samwa/all_ece385/ece385_github/ip_repo/hdmi_text_controller_v1_0_project/hdmi_text_controller_v1_0_project.gen/sources_1/ip/clk_wiz_1/doc/clk_wiz_v6_0_changelog.txt'. Please regenerate to continue.
WARNING: [IP_Flow 19-3664] IP 'hdmi_tx_1' generated file not found 'c:/users/samwa/all_ece385/ece385_github/ip_repo/hdmi_text_controller_v1_0_project/hdmi_text_controller_v1_0_project.gen/sources_1/ip/hdmi_tx_1/hdmi_tx_1.vho'. Please regenerate to continue.
WARNING: [IP_Flow 19-3664] IP 'hdmi_tx_1' generated file not found 'c:/users/samwa/all_ece385/ece385_github/ip_repo/hdmi_text_controller_v1_0_project/hdmi_text_controller_v1_0_project.gen/sources_1/ip/hdmi_tx_1/hdmi_tx_1.veo'. Please regenerate to continue.
WARNING: [IP_Flow 19-3664] IP 'hdmi_tx_1' generated file not found 'c:/users/samwa/all_ece385/ece385_github/ip_repo/hdmi_text_controller_v1_0_project/hdmi_text_controller_v1_0_project.gen/sources_1/ip/hdmi_tx_1/hdl/encode.v'. Please regenerate to continue.
WARNING: [IP_Flow 19-3664] IP 'hdmi_tx_1' generated file not found 'c:/users/samwa/all_ece385/ece385_github/ip_repo/hdmi_text_controller_v1_0_project/hdmi_text_controller_v1_0_project.gen/sources_1/ip/hdmi_tx_1/hdl/serdes_10_to_1.v'. Please regenerate to continue.
WARNING: [IP_Flow 19-3664] IP 'hdmi_tx_1' generated file not found 'c:/users/samwa/all_ece385/ece385_github/ip_repo/hdmi_text_controller_v1_0_project/hdmi_text_controller_v1_0_project.gen/sources_1/ip/hdmi_tx_1/hdl/srldelay.v'. Please regenerate to continue.
WARNING: [IP_Flow 19-3664] IP 'hdmi_tx_1' generated file not found 'c:/users/samwa/all_ece385/ece385_github/ip_repo/hdmi_text_controller_v1_0_project/hdmi_text_controller_v1_0_project.gen/sources_1/ip/hdmi_tx_1/hdl/hdmi_tx_v1_0.v'. Please regenerate to continue.
WARNING: [IP_Flow 19-3664] IP 'hdmi_tx_1' generated file not found 'c:/users/samwa/all_ece385/ece385_github/ip_repo/hdmi_text_controller_v1_0_project/hdmi_text_controller_v1_0_project.gen/sources_1/ip/hdmi_tx_1/synth/hdmi_tx_1.v'. Please regenerate to continue.
WARNING: [IP_Flow 19-3664] IP 'hdmi_tx_1' generated file not found 'c:/users/samwa/all_ece385/ece385_github/ip_repo/hdmi_text_controller_v1_0_project/hdmi_text_controller_v1_0_project.gen/sources_1/ip/hdmi_tx_1/hdl/encode.v'. Please regenerate to continue.
WARNING: [IP_Flow 19-3664] IP 'hdmi_tx_1' generated file not found 'c:/users/samwa/all_ece385/ece385_github/ip_repo/hdmi_text_controller_v1_0_project/hdmi_text_controller_v1_0_project.gen/sources_1/ip/hdmi_tx_1/hdl/serdes_10_to_1.v'. Please regenerate to continue.
WARNING: [IP_Flow 19-3664] IP 'hdmi_tx_1' generated file not found 'c:/users/samwa/all_ece385/ece385_github/ip_repo/hdmi_text_controller_v1_0_project/hdmi_text_controller_v1_0_project.gen/sources_1/ip/hdmi_tx_1/hdl/srldelay.v'. Please regenerate to continue.
WARNING: [IP_Flow 19-3664] IP 'hdmi_tx_1' generated file not found 'c:/users/samwa/all_ece385/ece385_github/ip_repo/hdmi_text_controller_v1_0_project/hdmi_text_controller_v1_0_project.gen/sources_1/ip/hdmi_tx_1/hdl/hdmi_tx_v1_0.v'. Please regenerate to continue.
WARNING: [IP_Flow 19-3664] IP 'hdmi_tx_1' generated file not found 'c:/users/samwa/all_ece385/ece385_github/ip_repo/hdmi_text_controller_v1_0_project/hdmi_text_controller_v1_0_project.gen/sources_1/ip/hdmi_tx_1/sim/hdmi_tx_1.v'. Please regenerate to continue.
open_project: Time (s): cpu = 00:00:28 ; elapsed = 00:00:12 . Memory (MB): peak = 1768.016 ; gain = 342.938
ERROR: [Common 17-39] 'open_project' failed due to earlier errors.
update_compile_order -fileset sources_1
exit
INFO: [Common 17-206] Exiting Vivado at Thu Oct 30 19:40:47 2025...
